0 info it worked if it ends with ok
1 verbose cli [ '/usr/bin/nodejs',
1 verbose cli   '/usr/bin/npm',
1 verbose cli   'install',
1 verbose cli   '--save-dev',
1 verbose cli   'eslint-config-airbnb',
1 verbose cli   'eslint@^#.#.#',
1 verbose cli   'eslint-plugin-jsx-a11y@^#.#.#',
1 verbose cli   'eslint-plugin-import@^#.#.#',
1 verbose cli   'eslint-plugin-react@^#.#.#' ]
2 info using npm@3.5.2
3 info using node@v4.2.6
4 verbose config Skipping project config: /home/norton/.npmrc. (matches userconfig)
5 silly loadCurrentTree Starting
6 silly install loadCurrentTree
7 silly install readLocalPackageData
8 silly fetchPackageMetaData eslint-config-airbnb
9 silly fetchPackageMetaData eslint@^#.#.#
10 silly fetchPackageMetaData eslint-plugin-jsx-a11y@^#.#.#
11 silly fetchPackageMetaData eslint-plugin-import@^#.#.#
12 silly fetchPackageMetaData eslint-plugin-react@^#.#.#
13 silly fetchNamedPackageData eslint-config-airbnb
14 silly mapToRegistry name eslint-config-airbnb
15 silly mapToRegistry using default registry
16 silly mapToRegistry registry https://registry.npmjs.org/
17 silly mapToRegistry uri https://registry.npmjs.org/eslint-config-airbnb
18 silly fetchNamedPackageData eslint
19 silly mapToRegistry name eslint
20 silly mapToRegistry using default registry
21 silly mapToRegistry registry https://registry.npmjs.org/
22 silly mapToRegistry uri https://registry.npmjs.org/eslint
23 silly fetchNamedPackageData eslint-plugin-jsx-a11y
24 silly mapToRegistry name eslint-plugin-jsx-a11y
25 silly mapToRegistry using default registry
26 silly mapToRegistry registry https://registry.npmjs.org/
27 silly mapToRegistry uri https://registry.npmjs.org/eslint-plugin-jsx-a11y
28 silly fetchNamedPackageData eslint-plugin-import
29 silly mapToRegistry name eslint-plugin-import
30 silly mapToRegistry using default registry
31 silly mapToRegistry registry https://registry.npmjs.org/
32 silly mapToRegistry uri https://registry.npmjs.org/eslint-plugin-import
33 silly fetchNamedPackageData eslint-plugin-react
34 silly mapToRegistry name eslint-plugin-react
35 silly mapToRegistry using default registry
36 silly mapToRegistry registry https://registry.npmjs.org/
37 silly mapToRegistry uri https://registry.npmjs.org/eslint-plugin-react
38 verbose request uri https://registry.npmjs.org/eslint-config-airbnb
39 verbose request no auth needed
40 info attempt registry request try #1 at 12:29:00 PM
41 verbose request id b874ea4f5620415d
42 verbose etag "5a538c9e-16f07"
43 verbose lastModified Mon, 8 Jan 2018 15:22:06 GMT
44 http request GET https://registry.npmjs.org/eslint-config-airbnb
45 verbose request uri https://registry.npmjs.org/eslint
46 verbose request no auth needed
47 info attempt registry request try #1 at 12:29:00 PM
48 verbose etag "5a53cf42-86d95"
49 verbose lastModified Mon, 8 Jan 2018 20:06:26 GMT
50 http request GET https://registry.npmjs.org/eslint
51 verbose request uri https://registry.npmjs.org/eslint-plugin-jsx-a11y
52 verbose request no auth needed
53 info attempt registry request try #1 at 12:29:00 PM
54 verbose etag "5a3322e1-25ad5"
55 verbose lastModified Fri, 15 Dec 2017 1:18:25 GMT
56 http request GET https://registry.npmjs.org/eslint-plugin-jsx-a11y
57 verbose request uri https://registry.npmjs.org/eslint-plugin-import
58 verbose request no auth needed
59 info attempt registry request try #1 at 12:29:00 PM
60 verbose etag "5a54c11d-31c3f"
61 verbose lastModified Tue, 9 Jan 2018 13:18:21 GMT
62 http request GET https://registry.npmjs.org/eslint-plugin-import
63 verbose request uri https://registry.npmjs.org/eslint-plugin-react
64 verbose request no auth needed
65 info attempt registry request try #1 at 12:29:00 PM
66 verbose etag "5a290c56-326e5"
67 verbose lastModified Thu, 7 Dec 2017 9:39:34 GMT
68 http request GET https://registry.npmjs.org/eslint-plugin-react
69 http 304 https://registry.npmjs.org/eslint
70 verbose headers { date: 'Tue, 09 Jan 2018 20:29:00 GMT',
70 verbose headers   via: '1.1 varnish',
70 verbose headers   'cache-control': 'max-age=300',
70 verbose headers   etag: '"5a53cf42-86d95"',
70 verbose headers   age: '1245',
70 verbose headers   connection: 'keep-alive',
70 verbose headers   'x-served-by': 'cache-sjc3624-SJC',
70 verbose headers   'x-cache': 'HIT',
70 verbose headers   'x-cache-hits': '6',
70 verbose headers   'x-timer': 'S1515529741.834643,VS0,VE0',
70 verbose headers   vary: 'Accept-Encoding, Accept' }
71 silly get cb [ 304,
71 silly get   { date: 'Tue, 09 Jan 2018 20:29:00 GMT',
71 silly get     via: '1.1 varnish',
71 silly get     'cache-control': 'max-age=300',
71 silly get     etag: '"5a53cf42-86d95"',
71 silly get     age: '1245',
71 silly get     connection: 'keep-alive',
71 silly get     'x-served-by': 'cache-sjc3624-SJC',
71 silly get     'x-cache': 'HIT',
71 silly get     'x-cache-hits': '6',
71 silly get     'x-timer': 'S1515529741.834643,VS0,VE0',
71 silly get     vary: 'Accept-Encoding, Accept' } ]
72 verbose etag https://registry.npmjs.org/eslint from cache
73 verbose get saving eslint to /home/norton/.npm/registry.npmjs.org/eslint/.cache.json
74 http 304 https://registry.npmjs.org/eslint-config-airbnb
75 verbose headers { date: 'Tue, 09 Jan 2018 20:29:00 GMT',
75 verbose headers   via: '1.1 varnish',
75 verbose headers   'cache-control': 'max-age=300',
75 verbose headers   etag: '"5a538c9e-16f07"',
75 verbose headers   age: '3461',
75 verbose headers   connection: 'keep-alive',
75 verbose headers   'x-served-by': 'cache-sjc3650-SJC',
75 verbose headers   'x-cache': 'HIT',
75 verbose headers   'x-cache-hits': '1',
75 verbose headers   'x-timer': 'S1515529741.866354,VS0,VE0',
75 verbose headers   vary: 'Accept-Encoding, Accept' }
76 silly get cb [ 304,
76 silly get   { date: 'Tue, 09 Jan 2018 20:29:00 GMT',
76 silly get     via: '1.1 varnish',
76 silly get     'cache-control': 'max-age=300',
76 silly get     etag: '"5a538c9e-16f07"',
76 silly get     age: '3461',
76 silly get     connection: 'keep-alive',
76 silly get     'x-served-by': 'cache-sjc3650-SJC',
76 silly get     'x-cache': 'HIT',
76 silly get     'x-cache-hits': '1',
76 silly get     'x-timer': 'S1515529741.866354,VS0,VE0',
76 silly get     vary: 'Accept-Encoding, Accept' } ]
77 verbose etag https://registry.npmjs.org/eslint-config-airbnb from cache
78 verbose get saving eslint-config-airbnb to /home/norton/.npm/registry.npmjs.org/eslint-config-airbnb/.cache.json
79 http 304 https://registry.npmjs.org/eslint-plugin-react
80 verbose headers { date: 'Tue, 09 Jan 2018 20:29:00 GMT',
80 verbose headers   via: '1.1 varnish',
80 verbose headers   'cache-control': 'max-age=300',
80 verbose headers   etag: '"5a290c56-326e5"',
80 verbose headers   age: '12950',
80 verbose headers   connection: 'keep-alive',
80 verbose headers   'x-served-by': 'cache-sjc3636-SJC',
80 verbose headers   'x-cache': 'HIT',
80 verbose headers   'x-cache-hits': '2',
80 verbose headers   'x-timer': 'S1515529741.867983,VS0,VE0',
80 verbose headers   vary: 'Accept-Encoding, Accept' }
81 silly get cb [ 304,
81 silly get   { date: 'Tue, 09 Jan 2018 20:29:00 GMT',
81 silly get     via: '1.1 varnish',
81 silly get     'cache-control': 'max-age=300',
81 silly get     etag: '"5a290c56-326e5"',
81 silly get     age: '12950',
81 silly get     connection: 'keep-alive',
81 silly get     'x-served-by': 'cache-sjc3636-SJC',
81 silly get     'x-cache': 'HIT',
81 silly get     'x-cache-hits': '2',
81 silly get     'x-timer': 'S1515529741.867983,VS0,VE0',
81 silly get     vary: 'Accept-Encoding, Accept' } ]
82 verbose etag https://registry.npmjs.org/eslint-plugin-react from cache
83 verbose get saving eslint-plugin-react to /home/norton/.npm/registry.npmjs.org/eslint-plugin-react/.cache.json
84 http 304 https://registry.npmjs.org/eslint-plugin-jsx-a11y
85 verbose headers { date: 'Tue, 09 Jan 2018 20:29:00 GMT',
85 verbose headers   via: '1.1 varnish',
85 verbose headers   'cache-control': 'max-age=300',
85 verbose headers   etag: '"5a3322e1-25ad5"',
85 verbose headers   age: '9487',
85 verbose headers   connection: 'keep-alive',
85 verbose headers   'x-served-by': 'cache-sjc3134-SJC',
85 verbose headers   'x-cache': 'HIT',
85 verbose headers   'x-cache-hits': '9',
85 verbose headers   'x-timer': 'S1515529741.872249,VS0,VE0',
85 verbose headers   vary: 'Accept-Encoding, Accept' }
86 silly get cb [ 304,
86 silly get   { date: 'Tue, 09 Jan 2018 20:29:00 GMT',
86 silly get     via: '1.1 varnish',
86 silly get     'cache-control': 'max-age=300',
86 silly get     etag: '"5a3322e1-25ad5"',
86 silly get     age: '9487',
86 silly get     connection: 'keep-alive',
86 silly get     'x-served-by': 'cache-sjc3134-SJC',
86 silly get     'x-cache': 'HIT',
86 silly get     'x-cache-hits': '9',
86 silly get     'x-timer': 'S1515529741.872249,VS0,VE0',
86 silly get     vary: 'Accept-Encoding, Accept' } ]
87 verbose etag https://registry.npmjs.org/eslint-plugin-jsx-a11y from cache
88 verbose get saving eslint-plugin-jsx-a11y to /home/norton/.npm/registry.npmjs.org/eslint-plugin-jsx-a11y/.cache.json
89 http 304 https://registry.npmjs.org/eslint-plugin-import
90 verbose headers { date: 'Tue, 09 Jan 2018 20:29:00 GMT',
90 verbose headers   via: '1.1 varnish',
90 verbose headers   'cache-control': 'max-age=300',
90 verbose headers   etag: '"5a54c11d-31c3f"',
90 verbose headers   age: '11372',
90 verbose headers   connection: 'keep-alive',
90 verbose headers   'x-served-by': 'cache-sjc3646-SJC',
90 verbose headers   'x-cache': 'HIT',
90 verbose headers   'x-cache-hits': '1',
90 verbose headers   'x-timer': 'S1515529741.871738,VS0,VE1',
90 verbose headers   vary: 'Accept-Encoding, Accept' }
91 silly get cb [ 304,
91 silly get   { date: 'Tue, 09 Jan 2018 20:29:00 GMT',
91 silly get     via: '1.1 varnish',
91 silly get     'cache-control': 'max-age=300',
91 silly get     etag: '"5a54c11d-31c3f"',
91 silly get     age: '11372',
91 silly get     connection: 'keep-alive',
91 silly get     'x-served-by': 'cache-sjc3646-SJC',
91 silly get     'x-cache': 'HIT',
91 silly get     'x-cache-hits': '1',
91 silly get     'x-timer': 'S1515529741.871738,VS0,VE1',
91 silly get     vary: 'Accept-Encoding, Accept' } ]
92 verbose etag https://registry.npmjs.org/eslint-plugin-import from cache
93 verbose get saving eslint-plugin-import to /home/norton/.npm/registry.npmjs.org/eslint-plugin-import/.cache.json
94 silly fetchPackageMetaData Error: No compatible version found: eslint@^#.#.#
94 silly fetchPackageMetaData Valid install targets:
94 silly fetchPackageMetaData 4.15.0, 4.14.0, 4.13.1, 4.13.0, 4.12.1, 4.12.0, 4.11.0, 4.10.0, 4.9.0, 4.8.0, 4.7.2, 4.7.1, 4.7.0, 4.6.1, 4.6.0, 4.5.0, 4.4.1, 4.4.0, 4.3.0, 4.2.0, 4.1.1, 4.1.0, 4.0.0, 4.0.0-rc.0, 4.0.0-beta.0, 4.0.0-alpha.2, 4.0.0-alpha.1, 4.0.0-alpha.0, 3.19.0, 3.18.0, 3.17.1, 3.17.0, 3.16.1, 3.16.0, 3.15.0, 3.14.1, 3.14.0, 3.13.1, 3.13.0, 3.12.2, 3.12.1, 3.12.0, 3.11.1, 3.11.0, 3.10.2, 3.10.1, 3.10.0, 3.9.1, 3.9.0, 3.8.1, 3.8.0, 3.7.1, 3.7.0, 3.6.1, 3.6.0, 3.5.0, 3.4.0, 3.3.1, 3.3.0, 3.2.2, 3.2.1, 3.2.0, 3.1.1, 3.1.0, 3.0.1, 3.0.0, 2.13.1, 2.13.0, 2.12.0, 2.11.1, 2.11.0, 2.10.2, 2.10.1, 2.10.0, 2.9.0, 2.8.0, 2.7.0, 2.6.0, 2.5.3, 2.5.2, 2.5.1, 2.5.0, 2.4.0, 2.3.0, 2.2.0, 2.1.0, 2.0.0, 2.0.0-rc.1, 2.0.0-rc.0, 2.0.0-beta.3, 2.0.0-beta.2, 2.0.0-beta.1, 2.0.0-alpha-2, 2.0.0-alpha-1, 1.10.3, 1.10.2, 1.10.1, 1.10.0, 1.9.0, 1.8.0, 1.7.3, 1.7.2, 1.7.1, 1.7.0, 1.6.0, 1.5.1, 1.5.0, 1.4.3, 1.4.2, 1.4.1, 1.4.0, 1.3.1, 1.3.0, 1.2.1, 1.2.0, 1.1.0, 1.0.0, 1.0.0-rc-3, 1.0.0-rc-2, 1.0.0-rc-1, 0.24.1, 0.24.0, 0.23.0, 0.22.1, 0.22.0, 0.21.2, 0.21.1, 0.21.0, 0.20.0, 0.19.0, 0.18.0, 0.17.1, 0.17.0, 0.16.2, 0.16.1, 0.16.0, 0.15.1, 0.15.0, 0.14.1, 0.14.0, 0.13.0, 0.12.0, 0.11.0, 0.11.0-alpha.0, 0.10.2, 0.10.1, 0.10.0, 0.10.0-alpha.2, 0.10.0-alpha.1, 0.10.0-alpha, 0.9.2, 0.9.1, 0.9.0, 0.8.2, 0.8.1, 0.8.0, 0.7.4, 0.7.3, 0.7.2, 0.7.1, 0.6.2, 0.6.1, 0.6.0, 0.5.1, 0.5.0, 0.4.5, 0.4.4, 0.4.3, 0.4.2, 0.4.1, 0.4.0, 0.3.0, 0.2.0, 0.1.4, 0.1.3, 0.1.2, 0.1.1, 0.1.0, 0.1.0-dev, 0.0.7, 0.0.6, 0.0.5, 0.0.4
94 silly fetchPackageMetaData
94 silly fetchPackageMetaData     at pickVersionFromRegistryDocument (/usr/share/npm/lib/fetch-package-metadata.js:156:16)
94 silly fetchPackageMetaData     at /usr/share/npm/node_modules/iferr/index.js:13:50
94 silly fetchPackageMetaData     at /usr/share/npm/lib/utils/pulse-till-done.js:19:8
94 silly fetchPackageMetaData     at saved (/usr/share/npm/lib/cache/caching-client.js:168:7)
94 silly fetchPackageMetaData     at /usr/share/npm/node_modules/graceful-fs/polyfills.js:210:7
94 silly fetchPackageMetaData     at FSReqWrap.oncomplete (fs.js:82:15)
94 silly fetchPackageMetaData  error for eslint@^#.#.# [Error: No compatible version found: eslint@^#.#.#
94 silly fetchPackageMetaData Valid install targets:
94 silly fetchPackageMetaData 4.15.0, 4.14.0, 4.13.1, 4.13.0, 4.12.1, 4.12.0, 4.11.0, 4.10.0, 4.9.0, 4.8.0, 4.7.2, 4.7.1, 4.7.0, 4.6.1, 4.6.0, 4.5.0, 4.4.1, 4.4.0, 4.3.0, 4.2.0, 4.1.1, 4.1.0, 4.0.0, 4.0.0-rc.0, 4.0.0-beta.0, 4.0.0-alpha.2, 4.0.0-alpha.1, 4.0.0-alpha.0, 3.19.0, 3.18.0, 3.17.1, 3.17.0, 3.16.1, 3.16.0, 3.15.0, 3.14.1, 3.14.0, 3.13.1, 3.13.0, 3.12.2, 3.12.1, 3.12.0, 3.11.1, 3.11.0, 3.10.2, 3.10.1, 3.10.0, 3.9.1, 3.9.0, 3.8.1, 3.8.0, 3.7.1, 3.7.0, 3.6.1, 3.6.0, 3.5.0, 3.4.0, 3.3.1, 3.3.0, 3.2.2, 3.2.1, 3.2.0, 3.1.1, 3.1.0, 3.0.1, 3.0.0, 2.13.1, 2.13.0, 2.12.0, 2.11.1, 2.11.0, 2.10.2, 2.10.1, 2.10.0, 2.9.0, 2.8.0, 2.7.0, 2.6.0, 2.5.3, 2.5.2, 2.5.1, 2.5.0, 2.4.0, 2.3.0, 2.2.0, 2.1.0, 2.0.0, 2.0.0-rc.1, 2.0.0-rc.0, 2.0.0-beta.3, 2.0.0-beta.2, 2.0.0-beta.1, 2.0.0-alpha-2, 2.0.0-alpha-1, 1.10.3, 1.10.2, 1.10.1, 1.10.0, 1.9.0, 1.8.0, 1.7.3, 1.7.2, 1.7.1, 1.7.0, 1.6.0, 1.5.1, 1.5.0, 1.4.3, 1.4.2, 1.4.1, 1.4.0, 1.3.1, 1.3.0, 1.2.1, 1.2.0, 1.1.0, 1.0.0, 1.0.0-rc-3, 1.0.0-rc-2, 1.0.0-rc-1, 0.24.1, 0.24.0, 0.23.0, 0.22.1, 0.22.0, 0.21.2, 0.21.1, 0.21.0, 0.20.0, 0.19.0, 0.18.0, 0.17.1, 0.17.0, 0.16.2, 0.16.1, 0.16.0, 0.15.1, 0.15.0, 0.14.1, 0.14.0, 0.13.0, 0.12.0, 0.11.0, 0.11.0-alpha.0, 0.10.2, 0.10.1, 0.10.0, 0.10.0-alpha.2, 0.10.0-alpha.1, 0.10.0-alpha, 0.9.2, 0.9.1, 0.9.0, 0.8.2, 0.8.1, 0.8.0, 0.7.4, 0.7.3, 0.7.2, 0.7.1, 0.6.2, 0.6.1, 0.6.0, 0.5.1, 0.5.0, 0.4.5, 0.4.4, 0.4.3, 0.4.2, 0.4.1, 0.4.0, 0.3.0, 0.2.0, 0.1.4, 0.1.3, 0.1.2, 0.1.1, 0.1.0, 0.1.0-dev, 0.0.7, 0.0.6, 0.0.5, 0.0.4
94 silly fetchPackageMetaData ]
95 silly fetchPackageMetaData Error: No compatible version found: eslint-plugin-react@^#.#.#
95 silly fetchPackageMetaData Valid install targets:
95 silly fetchPackageMetaData 7.5.1, 7.5.0, 7.4.0, 7.4.0-rc.1, 7.4.0-rc.0, 7.3.0, 7.2.1, 7.2.0, 7.1.0, 7.0.1, 7.0.0, 7.0.0-rc.1, 7.0.0-rc.0, 6.10.3, 6.10.2, 6.10.1, 6.10.0, 6.9.0, 6.8.0, 6.7.1, 6.7.0, 6.6.0, 6.5.0, 6.4.1, 6.4.0, 6.3.0, 6.2.2, 6.2.1, 6.2.0, 6.1.2, 6.1.1, 6.1.0, 6.0.0, 6.0.0-rc.1, 6.0.0-rc.0, 6.0.0-alpha.2, 6.0.0-alpha.1, 5.2.2, 5.2.1, 5.2.0, 5.1.1, 5.1.0, 5.0.1, 5.0.0, 4.3.0, 4.2.3, 4.2.2, 4.2.1, 4.2.0, 4.1.0, 4.0.0, 4.0.0-rc.1, 4.0.0-rc.0, 3.16.1, 3.16.0, 3.15.0, 3.14.0, 3.13.1, 3.13.0, 3.12.0, 3.11.3, 3.11.2, 3.11.1, 3.11.0, 3.10.0, 3.9.0, 3.8.0, 3.7.1, 3.7.0, 3.6.3, 3.6.2, 3.6.1, 3.6.0, 3.5.1, 3.5.0, 3.4.2, 3.4.1, 3.4.0, 3.3.2, 3.3.1, 3.3.0, 3.2.3, 3.2.2, 3.2.1, 3.2.0, 3.1.0, 3.0.0, 2.7.1, 2.7.0, 2.6.4, 2.6.3, 2.6.2, 2.6.1, 2.6.0, 2.5.2, 2.5.1, 2.5.0, 2.4.0, 2.3.0, 2.2.0, 2.1.1, 2.1.0, 2.0.2, 2.0.1, 2.0.0, 1.6.1, 1.6.0, 1.5.0, 1.4.1, 1.4.0, 1.3.0, 1.2.2, 1.2.1, 1.2.0, 1.1.0, 1.0.0
95 silly fetchPackageMetaData
95 silly fetchPackageMetaData     at pickVersionFromRegistryDocument (/usr/share/npm/lib/fetch-package-metadata.js:156:16)
95 silly fetchPackageMetaData     at /usr/share/npm/node_modules/iferr/index.js:13:50
95 silly fetchPackageMetaData     at /usr/share/npm/lib/utils/pulse-till-done.js:19:8
95 silly fetchPackageMetaData     at saved (/usr/share/npm/lib/cache/caching-client.js:168:7)
95 silly fetchPackageMetaData     at /usr/share/npm/node_modules/graceful-fs/polyfills.js:210:7
95 silly fetchPackageMetaData     at FSReqWrap.oncomplete (fs.js:82:15)
95 silly fetchPackageMetaData  error for eslint-plugin-react@^#.#.# [Error: No compatible version found: eslint-plugin-react@^#.#.#
95 silly fetchPackageMetaData Valid install targets:
95 silly fetchPackageMetaData 7.5.1, 7.5.0, 7.4.0, 7.4.0-rc.1, 7.4.0-rc.0, 7.3.0, 7.2.1, 7.2.0, 7.1.0, 7.0.1, 7.0.0, 7.0.0-rc.1, 7.0.0-rc.0, 6.10.3, 6.10.2, 6.10.1, 6.10.0, 6.9.0, 6.8.0, 6.7.1, 6.7.0, 6.6.0, 6.5.0, 6.4.1, 6.4.0, 6.3.0, 6.2.2, 6.2.1, 6.2.0, 6.1.2, 6.1.1, 6.1.0, 6.0.0, 6.0.0-rc.1, 6.0.0-rc.0, 6.0.0-alpha.2, 6.0.0-alpha.1, 5.2.2, 5.2.1, 5.2.0, 5.1.1, 5.1.0, 5.0.1, 5.0.0, 4.3.0, 4.2.3, 4.2.2, 4.2.1, 4.2.0, 4.1.0, 4.0.0, 4.0.0-rc.1, 4.0.0-rc.0, 3.16.1, 3.16.0, 3.15.0, 3.14.0, 3.13.1, 3.13.0, 3.12.0, 3.11.3, 3.11.2, 3.11.1, 3.11.0, 3.10.0, 3.9.0, 3.8.0, 3.7.1, 3.7.0, 3.6.3, 3.6.2, 3.6.1, 3.6.0, 3.5.1, 3.5.0, 3.4.2, 3.4.1, 3.4.0, 3.3.2, 3.3.1, 3.3.0, 3.2.3, 3.2.2, 3.2.1, 3.2.0, 3.1.0, 3.0.0, 2.7.1, 2.7.0, 2.6.4, 2.6.3, 2.6.2, 2.6.1, 2.6.0, 2.5.2, 2.5.1, 2.5.0, 2.4.0, 2.3.0, 2.2.0, 2.1.1, 2.1.0, 2.0.2, 2.0.1, 2.0.0, 1.6.1, 1.6.0, 1.5.0, 1.4.1, 1.4.0, 1.3.0, 1.2.2, 1.2.1, 1.2.0, 1.1.0, 1.0.0
95 silly fetchPackageMetaData ]
96 silly fetchPackageMetaData Error: No compatible version found: eslint-plugin-import@^#.#.#
96 silly fetchPackageMetaData Valid install targets:
96 silly fetchPackageMetaData 2.8.0, 2.7.0, 2.6.1, 2.6.0, 2.5.0, 2.3.0, 2.2.0, 2.1.0, 2.0.1, 2.0.0, 2.0.0-beta.1, 2.0.0-beta.0, 1.16.0, 1.15.0, 1.14.0, 1.13.0, 1.12.0, 1.11.1, 1.11.0, 1.10.3, 1.10.2, 1.10.0, 1.9.2, 1.9.1, 1.9.0, 1.8.1, 1.8.0, 1.7.0, 1.6.1, 1.6.0, 1.5.0, 1.4.0, 1.3.0, 1.2.0, 1.1.0, 1.0.4, 1.0.3, 1.0.2, 1.0.1, 1.0.0, 1.0.0-beta.0, 0.13.0, 0.12.1, 0.12.0, 0.11.0, 0.10.1, 0.10.0, 0.9.1, 0.8.1, 0.8.0, 0.7.9, 0.7.8, 0.7.7, 0.7.5, 0.7.4, 0.7.3, 0.7.2, 0.7.1, 0.7.0, 0.6.0, 0.5.2, 0.5.1, 0.4.5, 0.4.4, 0.4.3, 0.4.2, 0.4.1, 0.4.0, 0.3.13, 0.3.12, 0.3.11, 0.3.10, 0.3.9, 0.3.8, 0.3.6, 0.3.5, 0.3.4, 0.3.3, 0.3.2, 0.3.0
96 silly fetchPackageMetaData
96 silly fetchPackageMetaData     at pickVersionFromRegistryDocument (/usr/share/npm/lib/fetch-package-metadata.js:156:16)
96 silly fetchPackageMetaData     at /usr/share/npm/node_modules/iferr/index.js:13:50
96 silly fetchPackageMetaData     at /usr/share/npm/lib/utils/pulse-till-done.js:19:8
96 silly fetchPackageMetaData     at saved (/usr/share/npm/lib/cache/caching-client.js:168:7)
96 silly fetchPackageMetaData     at /usr/share/npm/node_modules/graceful-fs/polyfills.js:210:7
96 silly fetchPackageMetaData     at FSReqWrap.oncomplete (fs.js:82:15)
96 silly fetchPackageMetaData  error for eslint-plugin-import@^#.#.# [Error: No compatible version found: eslint-plugin-import@^#.#.#
96 silly fetchPackageMetaData Valid install targets:
96 silly fetchPackageMetaData 2.8.0, 2.7.0, 2.6.1, 2.6.0, 2.5.0, 2.3.0, 2.2.0, 2.1.0, 2.0.1, 2.0.0, 2.0.0-beta.1, 2.0.0-beta.0, 1.16.0, 1.15.0, 1.14.0, 1.13.0, 1.12.0, 1.11.1, 1.11.0, 1.10.3, 1.10.2, 1.10.0, 1.9.2, 1.9.1, 1.9.0, 1.8.1, 1.8.0, 1.7.0, 1.6.1, 1.6.0, 1.5.0, 1.4.0, 1.3.0, 1.2.0, 1.1.0, 1.0.4, 1.0.3, 1.0.2, 1.0.1, 1.0.0, 1.0.0-beta.0, 0.13.0, 0.12.1, 0.12.0, 0.11.0, 0.10.1, 0.10.0, 0.9.1, 0.8.1, 0.8.0, 0.7.9, 0.7.8, 0.7.7, 0.7.5, 0.7.4, 0.7.3, 0.7.2, 0.7.1, 0.7.0, 0.6.0, 0.5.2, 0.5.1, 0.4.5, 0.4.4, 0.4.3, 0.4.2, 0.4.1, 0.4.0, 0.3.13, 0.3.12, 0.3.11, 0.3.10, 0.3.9, 0.3.8, 0.3.6, 0.3.5, 0.3.4, 0.3.3, 0.3.2, 0.3.0
96 silly fetchPackageMetaData ]
97 silly fetchPackageMetaData Error: No compatible version found: eslint-plugin-jsx-a11y@^#.#.#
97 silly fetchPackageMetaData Valid install targets:
97 silly fetchPackageMetaData 6.0.3, 6.0.2, 6.0.1, 6.0.0, 5.1.1, 5.1.0, 5.0.3, 5.0.2, 5.0.1, 5.0.0, 4.0.0, 3.0.2, 3.0.1, 2.2.3, 2.2.2, 2.2.1, 2.2.0, 2.1.0, 2.0.1, 2.0.0, 1.5.5, 1.5.4, 1.5.3, 1.5.2, 1.5.1, 1.5.0, 1.4.2, 1.4.1, 1.4.0, 1.3.0, 1.2.3, 1.2.2, 1.2.1, 1.2.0, 1.1.0, 1.0.4, 1.0.3, 1.0.2, 1.0.1, 1.0.0, 0.6.2, 0.6.1, 0.6.0, 0.5.4, 0.5.3, 0.5.2, 0.5.1, 0.5.0, 0.4.3, 0.4.2, 0.4.1, 0.4.0, 0.3.1, 0.3.0, 0.2.2, 0.2.1, 0.2.0, 0.1.2, 0.1.1, 0.1.0, 0.0.2, 0.0.1
97 silly fetchPackageMetaData
97 silly fetchPackageMetaData     at pickVersionFromRegistryDocument (/usr/share/npm/lib/fetch-package-metadata.js:156:16)
97 silly fetchPackageMetaData     at /usr/share/npm/node_modules/iferr/index.js:13:50
97 silly fetchPackageMetaData     at /usr/share/npm/lib/utils/pulse-till-done.js:19:8
97 silly fetchPackageMetaData     at saved (/usr/share/npm/lib/cache/caching-client.js:168:7)
97 silly fetchPackageMetaData     at /usr/share/npm/node_modules/graceful-fs/polyfills.js:210:7
97 silly fetchPackageMetaData     at FSReqWrap.oncomplete (fs.js:82:15)
97 silly fetchPackageMetaData  error for eslint-plugin-jsx-a11y@^#.#.# [Error: No compatible version found: eslint-plugin-jsx-a11y@^#.#.#
97 silly fetchPackageMetaData Valid install targets:
97 silly fetchPackageMetaData 6.0.3, 6.0.2, 6.0.1, 6.0.0, 5.1.1, 5.1.0, 5.0.3, 5.0.2, 5.0.1, 5.0.0, 4.0.0, 3.0.2, 3.0.1, 2.2.3, 2.2.2, 2.2.1, 2.2.0, 2.1.0, 2.0.1, 2.0.0, 1.5.5, 1.5.4, 1.5.3, 1.5.2, 1.5.1, 1.5.0, 1.4.2, 1.4.1, 1.4.0, 1.3.0, 1.2.3, 1.2.2, 1.2.1, 1.2.0, 1.1.0, 1.0.4, 1.0.3, 1.0.2, 1.0.1, 1.0.0, 0.6.2, 0.6.1, 0.6.0, 0.5.4, 0.5.3, 0.5.2, 0.5.1, 0.5.0, 0.4.3, 0.4.2, 0.4.1, 0.4.0, 0.3.1, 0.3.0, 0.2.2, 0.2.1, 0.2.0, 0.1.2, 0.1.1, 0.1.0, 0.0.2, 0.0.1
97 silly fetchPackageMetaData ]
98 silly rollbackFailedOptional Starting
99 silly rollbackFailedOptional Finishing
100 silly runTopLevelLifecycles Starting
101 silly runTopLevelLifecycles Finishing
102 silly install printInstalled
103 verbose stack Error: No compatible version found: eslint@^#.#.#
103 verbose stack Valid install targets:
103 verbose stack 4.15.0, 4.14.0, 4.13.1, 4.13.0, 4.12.1, 4.12.0, 4.11.0, 4.10.0, 4.9.0, 4.8.0, 4.7.2, 4.7.1, 4.7.0, 4.6.1, 4.6.0, 4.5.0, 4.4.1, 4.4.0, 4.3.0, 4.2.0, 4.1.1, 4.1.0, 4.0.0, 4.0.0-rc.0, 4.0.0-beta.0, 4.0.0-alpha.2, 4.0.0-alpha.1, 4.0.0-alpha.0, 3.19.0, 3.18.0, 3.17.1, 3.17.0, 3.16.1, 3.16.0, 3.15.0, 3.14.1, 3.14.0, 3.13.1, 3.13.0, 3.12.2, 3.12.1, 3.12.0, 3.11.1, 3.11.0, 3.10.2, 3.10.1, 3.10.0, 3.9.1, 3.9.0, 3.8.1, 3.8.0, 3.7.1, 3.7.0, 3.6.1, 3.6.0, 3.5.0, 3.4.0, 3.3.1, 3.3.0, 3.2.2, 3.2.1, 3.2.0, 3.1.1, 3.1.0, 3.0.1, 3.0.0, 2.13.1, 2.13.0, 2.12.0, 2.11.1, 2.11.0, 2.10.2, 2.10.1, 2.10.0, 2.9.0, 2.8.0, 2.7.0, 2.6.0, 2.5.3, 2.5.2, 2.5.1, 2.5.0, 2.4.0, 2.3.0, 2.2.0, 2.1.0, 2.0.0, 2.0.0-rc.1, 2.0.0-rc.0, 2.0.0-beta.3, 2.0.0-beta.2, 2.0.0-beta.1, 2.0.0-alpha-2, 2.0.0-alpha-1, 1.10.3, 1.10.2, 1.10.1, 1.10.0, 1.9.0, 1.8.0, 1.7.3, 1.7.2, 1.7.1, 1.7.0, 1.6.0, 1.5.1, 1.5.0, 1.4.3, 1.4.2, 1.4.1, 1.4.0, 1.3.1, 1.3.0, 1.2.1, 1.2.0, 1.1.0, 1.0.0, 1.0.0-rc-3, 1.0.0-rc-2, 1.0.0-rc-1, 0.24.1, 0.24.0, 0.23.0, 0.22.1, 0.22.0, 0.21.2, 0.21.1, 0.21.0, 0.20.0, 0.19.0, 0.18.0, 0.17.1, 0.17.0, 0.16.2, 0.16.1, 0.16.0, 0.15.1, 0.15.0, 0.14.1, 0.14.0, 0.13.0, 0.12.0, 0.11.0, 0.11.0-alpha.0, 0.10.2, 0.10.1, 0.10.0, 0.10.0-alpha.2, 0.10.0-alpha.1, 0.10.0-alpha, 0.9.2, 0.9.1, 0.9.0, 0.8.2, 0.8.1, 0.8.0, 0.7.4, 0.7.3, 0.7.2, 0.7.1, 0.6.2, 0.6.1, 0.6.0, 0.5.1, 0.5.0, 0.4.5, 0.4.4, 0.4.3, 0.4.2, 0.4.1, 0.4.0, 0.3.0, 0.2.0, 0.1.4, 0.1.3, 0.1.2, 0.1.1, 0.1.0, 0.1.0-dev, 0.0.7, 0.0.6, 0.0.5, 0.0.4
103 verbose stack
103 verbose stack     at pickVersionFromRegistryDocument (/usr/share/npm/lib/fetch-package-metadata.js:156:16)
103 verbose stack     at /usr/share/npm/node_modules/iferr/index.js:13:50
103 verbose stack     at /usr/share/npm/lib/utils/pulse-till-done.js:19:8
103 verbose stack     at saved (/usr/share/npm/lib/cache/caching-client.js:168:7)
103 verbose stack     at /usr/share/npm/node_modules/graceful-fs/polyfills.js:210:7
103 verbose stack     at FSReqWrap.oncomplete (fs.js:82:15)
104 verbose cwd /home/norton/Desktop/coding/airbnb
105 error Linux 4.10.0-42-generic
106 error argv "/usr/bin/nodejs" "/usr/bin/npm" "install" "--save-dev" "eslint-config-airbnb" "eslint@^#.#.#" "eslint-plugin-jsx-a11y@^#.#.#" "eslint-plugin-import@^#.#.#" "eslint-plugin-react@^#.#.#"
107 error node v4.2.6
108 error npm  v3.5.2
109 error No compatible version found: eslint@^#.#.#
109 error Valid install targets:
109 error 4.15.0, 4.14.0, 4.13.1, 4.13.0, 4.12.1, 4.12.0, 4.11.0, 4.10.0, 4.9.0, 4.8.0, 4.7.2, 4.7.1, 4.7.0, 4.6.1, 4.6.0, 4.5.0, 4.4.1, 4.4.0, 4.3.0, 4.2.0, 4.1.1, 4.1.0, 4.0.0, 4.0.0-rc.0, 4.0.0-beta.0, 4.0.0-alpha.2, 4.0.0-alpha.1, 4.0.0-alpha.0, 3.19.0, 3.18.0, 3.17.1, 3.17.0, 3.16.1, 3.16.0, 3.15.0, 3.14.1, 3.14.0, 3.13.1, 3.13.0, 3.12.2, 3.12.1, 3.12.0, 3.11.1, 3.11.0, 3.10.2, 3.10.1, 3.10.0, 3.9.1, 3.9.0, 3.8.1, 3.8.0, 3.7.1, 3.7.0, 3.6.1, 3.6.0, 3.5.0, 3.4.0, 3.3.1, 3.3.0, 3.2.2, 3.2.1, 3.2.0, 3.1.1, 3.1.0, 3.0.1, 3.0.0, 2.13.1, 2.13.0, 2.12.0, 2.11.1, 2.11.0, 2.10.2, 2.10.1, 2.10.0, 2.9.0, 2.8.0, 2.7.0, 2.6.0, 2.5.3, 2.5.2, 2.5.1, 2.5.0, 2.4.0, 2.3.0, 2.2.0, 2.1.0, 2.0.0, 2.0.0-rc.1, 2.0.0-rc.0, 2.0.0-beta.3, 2.0.0-beta.2, 2.0.0-beta.1, 2.0.0-alpha-2, 2.0.0-alpha-1, 1.10.3, 1.10.2, 1.10.1, 1.10.0, 1.9.0, 1.8.0, 1.7.3, 1.7.2, 1.7.1, 1.7.0, 1.6.0, 1.5.1, 1.5.0, 1.4.3, 1.4.2, 1.4.1, 1.4.0, 1.3.1, 1.3.0, 1.2.1, 1.2.0, 1.1.0, 1.0.0, 1.0.0-rc-3, 1.0.0-rc-2, 1.0.0-rc-1, 0.24.1, 0.24.0, 0.23.0, 0.22.1, 0.22.0, 0.21.2, 0.21.1, 0.21.0, 0.20.0, 0.19.0, 0.18.0, 0.17.1, 0.17.0, 0.16.2, 0.16.1, 0.16.0, 0.15.1, 0.15.0, 0.14.1, 0.14.0, 0.13.0, 0.12.0, 0.11.0, 0.11.0-alpha.0, 0.10.2, 0.10.1, 0.10.0, 0.10.0-alpha.2, 0.10.0-alpha.1, 0.10.0-alpha, 0.9.2, 0.9.1, 0.9.0, 0.8.2, 0.8.1, 0.8.0, 0.7.4, 0.7.3, 0.7.2, 0.7.1, 0.6.2, 0.6.1, 0.6.0, 0.5.1, 0.5.0, 0.4.5, 0.4.4, 0.4.3, 0.4.2, 0.4.1, 0.4.0, 0.3.0, 0.2.0, 0.1.4, 0.1.3, 0.1.2, 0.1.1, 0.1.0, 0.1.0-dev, 0.0.7, 0.0.6, 0.0.5, 0.0.4
110 error If you need help, you may report this error at:
110 error     <https://github.com/npm/npm/issues>
111 verbose exit [ 1, true ]
